04/07/2013 11:30:39PM Crawling Started. 
04/07/2013 11:30:39PM Uploader thread started. 
04/07/2013 11:30:39PM Crawler thread started. 
04/07/2013 11:34:07PM Crawling Started. 
04/07/2013 11:34:07PM Uploader thread started. 
04/07/2013 11:34:07PM Crawler thread started. 
04/07/2013 11:38:09PM Crawling Started. 
04/07/2013 11:38:09PM Uploader thread started. 
04/07/2013 11:38:09PM Crawler thread started. 
04/23/2013 09:29:06PM Crawling Started. 
04/23/2013 09:29:06PM Uploader thread started. 
04/23/2013 09:29:06PM Crawler thread started. 
04/23/2013 09:31:04PM Crawling Started. 
04/23/2013 09:31:04PM Uploader thread started. 
04/23/2013 09:31:04PM Crawler thread started. 
04/23/2013 09:35:40PM Crawling Started. 
04/23/2013 09:35:40PM Uploader thread started. 
04/23/2013 09:35:40PM Crawler thread started. 
04/23/2013 09:38:57PM Crawling Started. 
04/23/2013 09:38:57PM Uploader thread started. 
04/23/2013 09:38:57PM Crawler thread started. 
04/23/2013 09:43:35PM Crawling Started. 
04/23/2013 09:43:35PM Uploader thread started. 
04/23/2013 09:43:35PM Crawler thread started. 
04/23/2013 09:53:00PM Crawling Started. 
04/23/2013 09:53:00PM Uploader thread started. 
04/23/2013 09:53:00PM Crawler thread started. 
04/24/2013 09:36:52PM Configuration has been updated. 
04/24/2013 09:36:55PM Crawling Started. 
04/24/2013 09:36:55PM Uploader thread started. 
04/24/2013 09:36:55PM Crawler thread started. 
04/26/2013 07:59:54PM Configuration has been updated. 
04/26/2013 07:59:57PM Crawling Started. 
04/26/2013 07:59:57PM Uploader thread started. 
04/26/2013 07:59:57PM Crawler thread started. 
04/26/2013 08:01:43PM Crawling Started. 
04/26/2013 08:01:43PM Uploader thread started. 
04/26/2013 08:01:43PM Crawler thread started. 
05/18/2013 01:52:55PM Crawling Started. 
05/18/2013 01:52:55PM Uploader thread started. 
05/18/2013 01:52:55PM Crawler thread started. 
05/18/2013 11:01:31PM Configuration has been updated. 
05/18/2013 11:02:46PM Configuration has been updated. 
05/18/2013 11:14:08PM Configuration has been updated. 
05/18/2013 11:22:45PM Configuration has been updated. 
05/19/2013 12:07:57AM Configuration has been updated. 
05/19/2013 12:08:00AM Crawling Started. 
05/19/2013 12:08:00AM Uploader thread started. 
05/19/2013 12:08:00AM Crawler thread started. 
05/19/2013 12:11:08AM Configuration has been updated. 
05/19/2013 12:11:10AM Crawling Started. 
05/19/2013 12:11:10AM Uploader thread started. 
05/19/2013 12:11:10AM Crawler thread started. 
05/19/2013 12:13:07AM Crawling Started. 
05/19/2013 12:13:07AM Uploader thread started. 
05/19/2013 12:13:07AM Crawler thread started. 
05/19/2013 12:21:10AM Crawling Started. 
05/19/2013 12:21:10AM Uploader thread started. 
05/19/2013 12:21:10AM Crawler thread started. 
05/19/2013 12:36:17AM Crawling Started. 
05/19/2013 12:36:17AM Uploader thread started. 
05/19/2013 12:36:17AM Crawler thread started. 
05/19/2013 12:47:49AM Crawling Started. 
05/19/2013 12:47:49AM Uploader thread started. 
05/19/2013 12:47:49AM Crawler thread started. 
05/19/2013 12:57:01AM Crawling Started. 
05/19/2013 12:57:01AM Uploader thread started. 
05/19/2013 12:57:01AM Crawler thread started. 
05/19/2013 01:03:26AM Crawling Started. 
05/19/2013 01:03:26AM Uploader thread started. 
05/19/2013 01:03:26AM Crawler thread started. 
05/19/2013 01:17:17AM Crawling Started. 
05/19/2013 01:17:17AM Uploader thread started. 
05/19/2013 01:17:17AM Crawler thread started. 
05/19/2013 01:28:10AM Crawling Started. 
05/19/2013 01:28:10AM Uploader thread started. 
05/19/2013 01:28:10AM Crawler thread started. 
05/19/2013 10:55:53PM Crawling Started. 
05/19/2013 10:55:53PM Uploader thread started. 
05/19/2013 10:55:53PM Crawler thread started. 
05/19/2013 11:03:52PM Crawling Started. 
05/19/2013 11:03:52PM Uploader thread started. 
05/19/2013 11:03:52PM Crawler thread started. 
05/19/2013 11:06:47PM Crawling Started. 
05/19/2013 11:06:47PM Uploader thread started. 
05/19/2013 11:06:47PM Crawler thread started. 
05/19/2013 11:17:09PM Crawling Started. 
05/19/2013 11:17:09PM Uploader thread started. 
05/19/2013 11:17:09PM Crawler thread started. 
05/19/2013 11:26:27PM Crawling Started. 
05/19/2013 11:26:27PM Uploader thread started. 
05/19/2013 11:26:27PM Crawler thread started. 
05/19/2013 11:56:19PM Crawling Started. 
05/19/2013 11:56:19PM Uploader thread started. 
05/19/2013 11:56:19PM Crawler thread started. 
05/20/2013 08:48:59PM Crawling Started. 
05/20/2013 08:49:00PM Uploader thread started. 
05/20/2013 08:49:00PM Crawler thread started. 
05/20/2013 09:18:22PM Crawling Started. 
05/20/2013 09:18:22PM Uploader thread started. 
05/20/2013 09:18:22PM Crawler thread started. 
05/27/2013 09:16:11PM Crawling Started. 
05/27/2013 09:16:11PM Uploader thread started. 
05/27/2013 09:16:11PM Crawler thread started. 
05/27/2013 09:18:05PM Crawling Started. 
05/27/2013 09:18:05PM Uploader thread started. 
05/27/2013 09:18:05PM Crawler thread started. 
06/06/2013 02:58:33AM Configuration has been updated. 
06/07/2013 01:02:27AM Crawling Started. 
06/07/2013 01:02:27AM Uploader thread started. 
06/07/2013 01:02:27AM Crawler thread started. 
06/07/2013 01:07:34AM Crawling Started. 
06/07/2013 01:07:34AM Uploader thread started. 
06/07/2013 01:07:34AM Crawler thread started. 
06/07/2013 01:10:34AM Crawling Started. 
06/07/2013 01:10:34AM Uploader thread started. 
06/07/2013 01:10:34AM Crawler thread started. 
06/13/2013 12:26:08AM Crawling Started. 
06/13/2013 12:26:08AM Uploader thread started. 
06/13/2013 12:26:08AM Crawler thread started. 
06/13/2013 12:29:43AM Crawling Started. 
06/13/2013 12:29:43AM Uploader thread started. 
06/13/2013 12:29:43AM Crawler thread started. 
06/13/2013 12:33:57AM Crawling Started. 
06/13/2013 12:33:57AM Uploader thread started. 
06/13/2013 12:33:57AM Crawler thread started. 
06/22/2013 01:36:01PM Crawling Started. 
06/22/2013 01:37:42PM Crawling Started. 
06/22/2013 01:38:33PM Crawling Started. 
06/22/2013 01:43:40PM Crawling Started. 
06/22/2013 02:04:11PM Crawling Started. 
06/22/2013 02:05:25PM Crawling Started. 
06/22/2013 02:13:31PM Crawling Started. 
07/02/2013 11:41:15PM Crawling Started. 
07/02/2013 11:42:34PM Crawling Started. 
07/29/2013 11:42:46PM Crawling Started. 
05/26/2014 12:06:05AM Crawling Started. 
